Start testing: Jun 17 21:56 HKT
----------------------------------------------------------
1/3 Testing: XNetworkLibTest
1/3 Test: XNetworkLibTest
Command: "/home/lubuntu/github/luk036/xnetwork/build/lib/test/XNetworkLibTest"
Directory: /home/lubuntu/github/luk036/xnetwork/build/lib/test
"XNetworkLibTest" start time: Jun 17 21:56 HKT
Output:
----------------------------------------------------------
[doctest] doctest version is "2.3.6"
[doctest] run with "--help" for options
===============================================================================
[doctest] test cases:      2 |      2 passed |      0 failed |      0 skipped
[doctest] assertions:      0 |      0 passed |      0 failed |
[doctest] Status: SUCCESS!
<end of output>
Test time =   0.00 sec
----------------------------------------------------------
Test Passed.
"XNetworkLibTest" end time: Jun 17 21:56 HKT
"XNetworkLibTest" time elapsed: 00:00:00
----------------------------------------------------------

2/3 Testing: Bench_one_example
2/3 Test: Bench_one_example
Command: "/home/lubuntu/github/luk036/xnetwork/build/lib/bench/one_example"
Directory: /home/lubuntu/github/luk036/xnetwork/build/lib/bench
"Bench_one_example" start time: Jun 17 21:56 HKT
Output:
----------------------------------------------------------
2021-06-17T21:56:15+08:00
Running /home/lubuntu/github/luk036/xnetwork/build/lib/bench/one_example
Run on (4 X 2800 MHz CPU s)
CPU Caches:
  L1 Data 32 KiB (x2)
  L1 Instruction 32 KiB (x2)
  L2 Unified 256 KiB (x2)
  L3 Unified 3072 KiB (x1)
Load Average: 0.23, 0.21, 0.33
***WARNING*** CPU scaling is enabled, the benchmark real time measurements may be noisy and will incur extra overhead.
-------------------------------------------------------------
Benchmark                   Time             CPU   Iterations
-------------------------------------------------------------
BM_VectorInsert/2        52.5 ns         52.4 ns     13338228
BM_VectorInsert/8         116 ns          116 ns      6026195
BM_VectorInsert/16        152 ns          152 ns      4591649
BM_SetInsert/2           81.0 ns         80.9 ns      8658430
BM_SetInsert/8            355 ns          355 ns      1972501
BM_SetInsert/16           732 ns          732 ns       956887
<end of output>
Test time =   5.24 sec
----------------------------------------------------------
Test Passed.
"Bench_one_example" end time: Jun 17 21:56 HKT
"Bench_one_example" time elapsed: 00:00:05
----------------------------------------------------------

3/3 Testing: XNetworkAppTest
3/3 Test: XNetworkAppTest
Command: "/home/lubuntu/github/luk036/xnetwork/build/app/XNetworkApp"
Directory: /home/lubuntu/github/luk036/xnetwork/build/app/test
"XNetworkAppTest" start time: Jun 17 21:56 HKT
Output:
----------------------------------------------------------
[doctest] doctest version is "2.3.6"
[doctest] run with "--help" for options
===============================================================================
[doctest] test cases:      0 |      0 passed |      0 failed |      0 skipped
[doctest] assertions:      0 |      0 passed |      0 failed |
[doctest] Status: SUCCESS!
<end of output>
Test time =   0.00 sec
----------------------------------------------------------
Test Passed.
"XNetworkAppTest" end time: Jun 17 21:56 HKT
"XNetworkAppTest" time elapsed: 00:00:00
----------------------------------------------------------

End testing: Jun 17 21:56 HKT
